  GreedySolver.cpp
c:\users\anna bonaldo\documents\github\heuristics4tsp\heuristics4tsp\heuristics4tsp\TSP.h(78): warning C4018: '<': signed/unsigned mismatch
c:\users\anna bonaldo\documents\github\heuristics4tsp\heuristics4tsp\heuristics4tsp\TSP.h(80): warning C4018: '<': signed/unsigned mismatch
c:\users\anna bonaldo\documents\github\heuristics4tsp\heuristics4tsp\heuristics4tsp\TSPSolution.h(29): warning C4018: '<': signed/unsigned mismatch
c:\users\anna bonaldo\documents\github\heuristics4tsp\heuristics4tsp\heuristics4tsp\TSPSolution.h(36): warning C4018: '<': signed/unsigned mismatch
c:\users\anna bonaldo\documents\github\heuristics4tsp\heuristics4tsp\heuristics4tsp\TSPSolution.h(49): warning C4018: '<': signed/unsigned mismatch
  Heuristics4Tsp.cpp
c:\users\anna bonaldo\documents\github\heuristics4tsp\heuristics4tsp\heuristics4tsp\TSP.h(78): warning C4018: '<': signed/unsigned mismatch
c:\users\anna bonaldo\documents\github\heuristics4tsp\heuristics4tsp\heuristics4tsp\TSP.h(80): warning C4018: '<': signed/unsigned mismatch
c:\users\anna bonaldo\documents\github\heuristics4tsp\heuristics4tsp\heuristics4tsp\TSPSolution.h(29): warning C4018: '<': signed/unsigned mismatch
c:\users\anna bonaldo\documents\github\heuristics4tsp\heuristics4tsp\heuristics4tsp\TSPSolution.h(36): warning C4018: '<': signed/unsigned mismatch
c:\users\anna bonaldo\documents\github\heuristics4tsp\heuristics4tsp\heuristics4tsp\TSPSolution.h(49): warning C4018: '<': signed/unsigned mismatch
  SimAnnealingSolver.cpp
c:\users\anna bonaldo\documents\github\heuristics4tsp\heuristics4tsp\heuristics4tsp\TSP.h(78): warning C4018: '<': signed/unsigned mismatch
c:\users\anna bonaldo\documents\github\heuristics4tsp\heuristics4tsp\heuristics4tsp\TSP.h(80): warning C4018: '<': signed/unsigned mismatch
c:\users\anna bonaldo\documents\github\heuristics4tsp\heuristics4tsp\heuristics4tsp\TSPSolution.h(29): warning C4018: '<': signed/unsigned mismatch
c:\users\anna bonaldo\documents\github\heuristics4tsp\heuristics4tsp\heuristics4tsp\TSPSolution.h(36): warning C4018: '<': signed/unsigned mismatch
c:\users\anna bonaldo\documents\github\heuristics4tsp\heuristics4tsp\heuristics4tsp\TSPSolution.h(49): warning C4018: '<': signed/unsigned mismatch
SimAnnealingSolver.cpp(19): warning C4244: 'argument': conversion from 'time_t' to 'unsigned int', possible loss of data
  Solver.cpp
c:\users\anna bonaldo\documents\github\heuristics4tsp\heuristics4tsp\heuristics4tsp\TSP.h(78): warning C4018: '<': signed/unsigned mismatch
c:\users\anna bonaldo\documents\github\heuristics4tsp\heuristics4tsp\heuristics4tsp\TSP.h(80): warning C4018: '<': signed/unsigned mismatch
c:\users\anna bonaldo\documents\github\heuristics4tsp\heuristics4tsp\heuristics4tsp\TSPSolution.h(29): warning C4018: '<': signed/unsigned mismatch
c:\users\anna bonaldo\documents\github\heuristics4tsp\heuristics4tsp\heuristics4tsp\TSPSolution.h(36): warning C4018: '<': signed/unsigned mismatch
c:\users\anna bonaldo\documents\github\heuristics4tsp\heuristics4tsp\heuristics4tsp\TSPSolution.h(49): warning C4018: '<': signed/unsigned mismatch
Solver.cpp(34): warning C4018: '<': signed/unsigned mismatch
Solver.cpp(44): warning C4244: 'argument': conversion from 'time_t' to 'unsigned int', possible loss of data
Solver.cpp(45): warning C4018: '<': signed/unsigned mismatch
Solver.cpp(59): warning C4244: 'argument': conversion from 'time_t' to 'unsigned int', possible loss of data
Solver.cpp(65): warning C4244: 'argument': conversion from 'time_t' to 'unsigned int', possible loss of data
  StrightGreedyLineSolver.cpp
c:\users\anna bonaldo\documents\github\heuristics4tsp\heuristics4tsp\heuristics4tsp\TSP.h(78): warning C4018: '<': signed/unsigned mismatch
c:\users\anna bonaldo\documents\github\heuristics4tsp\heuristics4tsp\heuristics4tsp\TSP.h(80): warning C4018: '<': signed/unsigned mismatch
c:\users\anna bonaldo\documents\github\heuristics4tsp\heuristics4tsp\heuristics4tsp\TSPSolution.h(29): warning C4018: '<': signed/unsigned mismatch
c:\users\anna bonaldo\documents\github\heuristics4tsp\heuristics4tsp\heuristics4tsp\TSPSolution.h(36): warning C4018: '<': signed/unsigned mismatch
c:\users\anna bonaldo\documents\github\heuristics4tsp\heuristics4tsp\heuristics4tsp\TSPSolution.h(49): warning C4018: '<': signed/unsigned mismatch
  TSearchSolver.cpp
c:\users\anna bonaldo\documents\github\heuristics4tsp\heuristics4tsp\heuristics4tsp\TSP.h(78): warning C4018: '<': signed/unsigned mismatch
c:\users\anna bonaldo\documents\github\heuristics4tsp\heuristics4tsp\heuristics4tsp\TSP.h(80): warning C4018: '<': signed/unsigned mismatch
c:\users\anna bonaldo\documents\github\heuristics4tsp\heuristics4tsp\heuristics4tsp\TSPSolution.h(29): warning C4018: '<': signed/unsigned mismatch
c:\users\anna bonaldo\documents\github\heuristics4tsp\heuristics4tsp\heuristics4tsp\TSPSolution.h(36): warning C4018: '<': signed/unsigned mismatch
c:\users\anna bonaldo\documents\github\heuristics4tsp\heuristics4tsp\heuristics4tsp\TSPSolution.h(49): warning C4018: '<': signed/unsigned mismatch
TSearchSolver.cpp(82): warning C4018: '<': signed/unsigned mismatch
TSearchSolver.cpp(85): warning C4018: '<': signed/unsigned mismatch
  TestExecution.cpp
c:\users\anna bonaldo\documents\github\heuristics4tsp\heuristics4tsp\heuristics4tsp\TSP.h(78): warning C4018: '<': signed/unsigned mismatch
c:\users\anna bonaldo\documents\github\heuristics4tsp\heuristics4tsp\heuristics4tsp\TSP.h(80): warning C4018: '<': signed/unsigned mismatch
c:\users\anna bonaldo\documents\github\heuristics4tsp\heuristics4tsp\heuristics4tsp\TSPSolution.h(29): warning C4018: '<': signed/unsigned mismatch
c:\users\anna bonaldo\documents\github\heuristics4tsp\heuristics4tsp\heuristics4tsp\TSPSolution.h(36): warning C4018: '<': signed/unsigned mismatch
c:\users\anna bonaldo\documents\github\heuristics4tsp\heuristics4tsp\heuristics4tsp\TSPSolution.h(49): warning C4018: '<': signed/unsigned mismatch
TestExecution.cpp(133): warning C4018: '<': signed/unsigned mismatch
  Generating code
  14 of 681 functions ( 2.1%) were compiled, the rest were copied from previous compilation.
    0 functions were new in current compilation
    54 functions had inline decision re-evaluated but remain unchanged
  Finished generating code
  Heuristics4Tsp.vcxproj -> C:\Users\Anna Bonaldo\Documents\GitHub\Heuristics4Tsp\Heuristics4Tsp\Release\Heuristics4Tsp.exe
