c:\users\anna bonaldo\documents\github\heuristics4tsp\heuristics4tsp\heuristics4tsp\release\heuristics4tsp.pch
c:\users\anna bonaldo\documents\github\heuristics4tsp\heuristics4tsp\heuristics4tsp\release\vc141.pdb
c:\users\anna bonaldo\documents\github\heuristics4tsp\heuristics4tsp\heuristics4tsp\release\stdafx.obj
c:\users\anna bonaldo\documents\github\heuristics4tsp\heuristics4tsp\heuristics4tsp\release\tspsolution.obj
c:\users\anna bonaldo\documents\github\heuristics4tsp\heuristics4tsp\heuristics4tsp\release\tsp.obj
c:\users\anna bonaldo\documents\github\heuristics4tsp\heuristics4tsp\heuristics4tsp\release\tsearchsolver.obj
c:\users\anna bonaldo\documents\github\heuristics4tsp\heuristics4tsp\heuristics4tsp\release\testexecution.obj
c:\users\anna bonaldo\documents\github\heuristics4tsp\heuristics4tsp\heuristics4tsp\release\strightgreedylinesolver.obj
c:\users\anna bonaldo\documents\github\heuristics4tsp\heuristics4tsp\heuristics4tsp\release\solver.obj
c:\users\anna bonaldo\documents\github\heuristics4tsp\heuristics4tsp\heuristics4tsp\release\simannealingsolver.obj
c:\users\anna bonaldo\documents\github\heuristics4tsp\heuristics4tsp\heuristics4tsp\release\heuristics4tsp.obj
c:\users\anna bonaldo\documents\github\heuristics4tsp\heuristics4tsp\heuristics4tsp\release\greedysolver.obj
c:\users\anna bonaldo\documents\github\heuristics4tsp\heuristics4tsp\release\heuristics4tsp.ipdb
c:\users\anna bonaldo\documents\github\heuristics4tsp\heuristics4tsp\release\heuristics4tsp.iobj
c:\users\anna bonaldo\documents\github\heuristics4tsp\heuristics4tsp\release\heuristics4tsp.exe
c:\users\anna bonaldo\documents\github\heuristics4tsp\heuristics4tsp\release\heuristics4tsp.pdb
c:\users\anna bonaldo\documents\github\heuristics4tsp\heuristics4tsp\heuristics4tsp\release\heuristics4tsp.tlog\cl.command.1.tlog
c:\users\anna bonaldo\documents\github\heuristics4tsp\heuristics4tsp\heuristics4tsp\release\heuristics4tsp.tlog\cl.read.1.tlog
c:\users\anna bonaldo\documents\github\heuristics4tsp\heuristics4tsp\heuristics4tsp\release\heuristics4tsp.tlog\cl.write.1.tlog
c:\users\anna bonaldo\documents\github\heuristics4tsp\heuristics4tsp\heuristics4tsp\release\heuristics4tsp.tlog\heuristics4tsp.write.1u.tlog
c:\users\anna bonaldo\documents\github\heuristics4tsp\heuristics4tsp\heuristics4tsp\release\heuristics4tsp.tlog\link.command.1.tlog
c:\users\anna bonaldo\documents\github\heuristics4tsp\heuristics4tsp\heuristics4tsp\release\heuristics4tsp.tlog\link.read.1.tlog
c:\users\anna bonaldo\documents\github\heuristics4tsp\heuristics4tsp\heuristics4tsp\release\heuristics4tsp.tlog\link.write.1.tlog
